<?xml version="1.0" encoding="utf-8"?><testsuites name="pytest tests"><testsuite name="pytest" errors="13" failures="1" skipped="0" tests="17" time="1.755" timestamp="2026-02-23T12:12:04.634610+00:00" hostname="agent-env-d37fe847-f43e-4ece-b647-f5d9c64fdaa5"><testcase classname="backend.tests.test_admin_features.TestAdminAuth" name="test_admin_login_returns_admin_role" time="0.475"><failure message="AssertionError: assert None == 'admin'&#10; +  where None = &lt;built-in method get of dict object at 0xfba2ef0ac200&gt;('role')&#10; +    where &lt;built-in method get of dict object at 0xfba2ef0ac200&gt; = {'token': 'eyJhbGciOiJIUzI1NiIsInR5cCI6IkpXVCJ9.eyJzdWIiOiI2OTljM2ZlYTU0OGI2OGI4MTQxMmQyOWYiLCJleHAiOjE3NzQ0NDA3MjV9.2385WgGBp47ASdjHKMmgyINvCLBbAqItYFNns3NG4e0', 'user': {'email': 'test@snapvault.uk', 'id': '699c3fea548b68b81412d29f', 'name': 'Test Organizer', 'role': 'admin'}}.get">backend/tests/test_admin_features.py:56: in test_admin_login_returns_admin_role
    assert data.get("role") == "admin"
E   AssertionError: assert None == 'admin'
E    +  where None = &lt;built-in method get of dict object at 0xfba2ef0ac200&gt;('role')
E    +    where &lt;built-in method get of dict object at 0xfba2ef0ac200&gt; = {'token': 'eyJhbGciOiJIUzI1NiIsInR5cCI6IkpXVCJ9.eyJzdWIiOiI2OTljM2ZlYTU0OGI2OGI4MTQxMmQyOWYiLCJleHAiOjE3NzQ0NDA3MjV9.2385WgGBp47ASdjHKMmgyINvCLBbAqItYFNns3NG4e0', 'user': {'email': 'test@snapvault.uk', 'id': '699c3fea548b68b81412d29f', 'name': 'Test Organizer', 'role': 'admin'}}.get</failure></testcase><testcase classname="backend.tests.test_admin_features.TestAdminAuth" name="test_non_admin_cannot_access_admin_stats" time="0.589" /><testcase classname="backend.tests.test_admin_features.TestAdminAuth" name="test_unauthenticated_cannot_access_admin_stats" time="0.106" /><testcase classname="backend.tests.test_admin_features.TestAdminStats" name="test_admin_stats_returns_200" time="0.351"><error message="failed on setup with &quot;AssertionError: Expected admin role, got: None&#10;assert None == 'admin'&#10; +  where None = &lt;built-in method get of dict object at 0xfba2eef35e40&gt;('role')&#10; +    where &lt;built-in method get of dict object at 0xfba2eef35e40&gt; = {'token': 'eyJhbGciOiJIUzI1NiIsInR5cCI6IkpXVCJ9.eyJzdWIiOiI2OTljM2ZlYTU0OGI2OGI4MTQxMmQyOWYiLCJleHAiOjE3NzQ0NDA3MjZ9.IXc3I95IkPeMNzq56psbEYGS9XoHjGYw41ehrlMUeJE', 'user': {'email': 'test@snapvault.uk', 'id': '699c3fea548b68b81412d29f', 'name': 'Test Organizer', 'role': 'admin'}}.get&quot;">backend/tests/test_admin_features.py:21: in admin_token
    assert data.get("role") == "admin", f"Expected admin role, got: {data.get('role')}"
E   AssertionError: Expected admin role, got: None
E   assert None == 'admin'
E    +  where None = &lt;built-in method get of dict object at 0xfba2eef35e40&gt;('role')
E    +    where &lt;built-in method get of dict object at 0xfba2eef35e40&gt; = {'token': 'eyJhbGciOiJIUzI1NiIsInR5cCI6IkpXVCJ9.eyJzdWIiOiI2OTljM2ZlYTU0OGI2OGI4MTQxMmQyOWYiLCJleHAiOjE3NzQ0NDA3MjZ9.IXc3I95IkPeMNzq56psbEYGS9XoHjGYw41ehrlMUeJE', 'user': {'email': 'test@snapvault.uk', 'id': '699c3fea548b68b81412d29f', 'name': 'Test Organizer', 'role': 'admin'}}.get</error></testcase><testcase classname="backend.tests.test_admin_features.TestAdminStats" name="test_admin_stats_has_required_fields" time="0.000"><error message="failed on setup with &quot;AssertionError: Expected admin role, got: None&#10;assert None == 'admin'&#10; +  where None = &lt;built-in method get of dict object at 0xfba2eef35e40&gt;('role')&#10; +    where &lt;built-in method get of dict object at 0xfba2eef35e40&gt; = {'token': 'eyJhbGciOiJIUzI1NiIsInR5cCI6IkpXVCJ9.eyJzdWIiOiI2OTljM2ZlYTU0OGI2OGI4MTQxMmQyOWYiLCJleHAiOjE3NzQ0NDA3MjZ9.IXc3I95IkPeMNzq56psbEYGS9XoHjGYw41ehrlMUeJE', 'user': {'email': 'test@snapvault.uk', 'id': '699c3fea548b68b81412d29f', 'name': 'Test Organizer', 'role': 'admin'}}.get&quot;">backend/tests/test_admin_features.py:21: in admin_token
    assert data.get("role") == "admin", f"Expected admin role, got: {data.get('role')}"
E   AssertionError: Expected admin role, got: None
E   assert None == 'admin'
E    +  where None = &lt;built-in method get of dict object at 0xfba2eef35e40&gt;('role')
E    +    where &lt;built-in method get of dict object at 0xfba2eef35e40&gt; = {'token': 'eyJhbGciOiJIUzI1NiIsInR5cCI6IkpXVCJ9.eyJzdWIiOiI2OTljM2ZlYTU0OGI2OGI4MTQxMmQyOWYiLCJleHAiOjE3NzQ0NDA3MjZ9.IXc3I95IkPeMNzq56psbEYGS9XoHjGYw41ehrlMUeJE', 'user': {'email': 'test@snapvault.uk', 'id': '699c3fea548b68b81412d29f', 'name': 'Test Organizer', 'role': 'admin'}}.get</error></testcase><testcase classname="backend.tests.test_admin_features.TestAdminStats" name="test_admin_stats_values_are_non_negative" time="0.000"><error message="failed on setup with &quot;AssertionError: Expected admin role, got: None&#10;assert None == 'admin'&#10; +  where None = &lt;built-in method get of dict object at 0xfba2eef35e40&gt;('role')&#10; +    where &lt;built-in method get of dict object at 0xfba2eef35e40&gt; = {'token': 'eyJhbGciOiJIUzI1NiIsInR5cCI6IkpXVCJ9.eyJzdWIiOiI2OTljM2ZlYTU0OGI2OGI4MTQxMmQyOWYiLCJleHAiOjE3NzQ0NDA3MjZ9.IXc3I95IkPeMNzq56psbEYGS9XoHjGYw41ehrlMUeJE', 'user': {'email': 'test@snapvault.uk', 'id': '699c3fea548b68b81412d29f', 'name': 'Test Organizer', 'role': 'admin'}}.get&quot;">backend/tests/test_admin_features.py:21: in admin_token
    assert data.get("role") == "admin", f"Expected admin role, got: {data.get('role')}"
E   AssertionError: Expected admin role, got: None
E   assert None == 'admin'
E    +  where None = &lt;built-in method get of dict object at 0xfba2eef35e40&gt;('role')
E    +    where &lt;built-in method get of dict object at 0xfba2eef35e40&gt; = {'token': 'eyJhbGciOiJIUzI1NiIsInR5cCI6IkpXVCJ9.eyJzdWIiOiI2OTljM2ZlYTU0OGI2OGI4MTQxMmQyOWYiLCJleHAiOjE3NzQ0NDA3MjZ9.IXc3I95IkPeMNzq56psbEYGS9XoHjGYw41ehrlMUeJE', 'user': {'email': 'test@snapvault.uk', 'id': '699c3fea548b68b81412d29f', 'name': 'Test Organizer', 'role': 'admin'}}.get</error></testcase><testcase classname="backend.tests.test_admin_features.TestAdminEvents" name="test_admin_events_returns_200" time="0.000"><error message="failed on setup with &quot;AssertionError: Expected admin role, got: None&#10;assert None == 'admin'&#10; +  where None = &lt;built-in method get of dict object at 0xfba2eef35e40&gt;('role')&#10; +    where &lt;built-in method get of dict object at 0xfba2eef35e40&gt; = {'token': 'eyJhbGciOiJIUzI1NiIsInR5cCI6IkpXVCJ9.eyJzdWIiOiI2OTljM2ZlYTU0OGI2OGI4MTQxMmQyOWYiLCJleHAiOjE3NzQ0NDA3MjZ9.IXc3I95IkPeMNzq56psbEYGS9XoHjGYw41ehrlMUeJE', 'user': {'email': 'test@snapvault.uk', 'id': '699c3fea548b68b81412d29f', 'name': 'Test Organizer', 'role': 'admin'}}.get&quot;">backend/tests/test_admin_features.py:21: in admin_token
    assert data.get("role") == "admin", f"Expected admin role, got: {data.get('role')}"
E   AssertionError: Expected admin role, got: None
E   assert None == 'admin'
E    +  where None = &lt;built-in method get of dict object at 0xfba2eef35e40&gt;('role')
E    +    where &lt;built-in method get of dict object at 0xfba2eef35e40&gt; = {'token': 'eyJhbGciOiJIUzI1NiIsInR5cCI6IkpXVCJ9.eyJzdWIiOiI2OTljM2ZlYTU0OGI2OGI4MTQxMmQyOWYiLCJleHAiOjE3NzQ0NDA3MjZ9.IXc3I95IkPeMNzq56psbEYGS9XoHjGYw41ehrlMUeJE', 'user': {'email': 'test@snapvault.uk', 'id': '699c3fea548b68b81412d29f', 'name': 'Test Organizer', 'role': 'admin'}}.get</error></testcase><testcase classname="backend.tests.test_admin_features.TestAdminEvents" name="test_admin_events_is_list" time="0.000"><error message="failed on setup with &quot;AssertionError: Expected admin role, got: None&#10;assert None == 'admin'&#10; +  where None = &lt;built-in method get of dict object at 0xfba2eef35e40&gt;('role')&#10; +    where &lt;built-in method get of dict object at 0xfba2eef35e40&gt; = {'token': 'eyJhbGciOiJIUzI1NiIsInR5cCI6IkpXVCJ9.eyJzdWIiOiI2OTljM2ZlYTU0OGI2OGI4MTQxMmQyOWYiLCJleHAiOjE3NzQ0NDA3MjZ9.IXc3I95IkPeMNzq56psbEYGS9XoHjGYw41ehrlMUeJE', 'user': {'email': 'test@snapvault.uk', 'id': '699c3fea548b68b81412d29f', 'name': 'Test Organizer', 'role': 'admin'}}.get&quot;">backend/tests/test_admin_features.py:21: in admin_token
    assert data.get("role") == "admin", f"Expected admin role, got: {data.get('role')}"
E   AssertionError: Expected admin role, got: None
E   assert None == 'admin'
E    +  where None = &lt;built-in method get of dict object at 0xfba2eef35e40&gt;('role')
E    +    where &lt;built-in method get of dict object at 0xfba2eef35e40&gt; = {'token': 'eyJhbGciOiJIUzI1NiIsInR5cCI6IkpXVCJ9.eyJzdWIiOiI2OTljM2ZlYTU0OGI2OGI4MTQxMmQyOWYiLCJleHAiOjE3NzQ0NDA3MjZ9.IXc3I95IkPeMNzq56psbEYGS9XoHjGYw41ehrlMUeJE', 'user': {'email': 'test@snapvault.uk', 'id': '699c3fea548b68b81412d29f', 'name': 'Test Organizer', 'role': 'admin'}}.get</error></testcase><testcase classname="backend.tests.test_admin_features.TestAdminEvents" name="test_admin_events_has_organizer_info" time="0.000"><error message="failed on setup with &quot;AssertionError: Expected admin role, got: None&#10;assert None == 'admin'&#10; +  where None = &lt;built-in method get of dict object at 0xfba2eef35e40&gt;('role')&#10; +    where &lt;built-in method get of dict object at 0xfba2eef35e40&gt; = {'token': 'eyJhbGciOiJIUzI1NiIsInR5cCI6IkpXVCJ9.eyJzdWIiOiI2OTljM2ZlYTU0OGI2OGI4MTQxMmQyOWYiLCJleHAiOjE3NzQ0NDA3MjZ9.IXc3I95IkPeMNzq56psbEYGS9XoHjGYw41ehrlMUeJE', 'user': {'email': 'test@snapvault.uk', 'id': '699c3fea548b68b81412d29f', 'name': 'Test Organizer', 'role': 'admin'}}.get&quot;">backend/tests/test_admin_features.py:21: in admin_token
    assert data.get("role") == "admin", f"Expected admin role, got: {data.get('role')}"
E   AssertionError: Expected admin role, got: None
E   assert None == 'admin'
E    +  where None = &lt;built-in method get of dict object at 0xfba2eef35e40&gt;('role')
E    +    where &lt;built-in method get of dict object at 0xfba2eef35e40&gt; = {'token': 'eyJhbGciOiJIUzI1NiIsInR5cCI6IkpXVCJ9.eyJzdWIiOiI2OTljM2ZlYTU0OGI2OGI4MTQxMmQyOWYiLCJleHAiOjE3NzQ0NDA3MjZ9.IXc3I95IkPeMNzq56psbEYGS9XoHjGYw41ehrlMUeJE', 'user': {'email': 'test@snapvault.uk', 'id': '699c3fea548b68b81412d29f', 'name': 'Test Organizer', 'role': 'admin'}}.get</error></testcase><testcase classname="backend.tests.test_admin_features.TestAdminEvents" name="test_non_admin_cannot_list_admin_events" time="0.105" /><testcase classname="backend.tests.test_admin_features.TestAdminUsers" name="test_admin_users_returns_200" time="0.000"><error message="failed on setup with &quot;AssertionError: Expected admin role, got: None&#10;assert None == 'admin'&#10; +  where None = &lt;built-in method get of dict object at 0xfba2eef35e40&gt;('role')&#10; +    where &lt;built-in method get of dict object at 0xfba2eef35e40&gt; = {'token': 'eyJhbGciOiJIUzI1NiIsInR5cCI6IkpXVCJ9.eyJzdWIiOiI2OTljM2ZlYTU0OGI2OGI4MTQxMmQyOWYiLCJleHAiOjE3NzQ0NDA3MjZ9.IXc3I95IkPeMNzq56psbEYGS9XoHjGYw41ehrlMUeJE', 'user': {'email': 'test@snapvault.uk', 'id': '699c3fea548b68b81412d29f', 'name': 'Test Organizer', 'role': 'admin'}}.get&quot;">backend/tests/test_admin_features.py:21: in admin_token
    assert data.get("role") == "admin", f"Expected admin role, got: {data.get('role')}"
E   AssertionError: Expected admin role, got: None
E   assert None == 'admin'
E    +  where None = &lt;built-in method get of dict object at 0xfba2eef35e40&gt;('role')
E    +    where &lt;built-in method get of dict object at 0xfba2eef35e40&gt; = {'token': 'eyJhbGciOiJIUzI1NiIsInR5cCI6IkpXVCJ9.eyJzdWIiOiI2OTljM2ZlYTU0OGI2OGI4MTQxMmQyOWYiLCJleHAiOjE3NzQ0NDA3MjZ9.IXc3I95IkPeMNzq56psbEYGS9XoHjGYw41ehrlMUeJE', 'user': {'email': 'test@snapvault.uk', 'id': '699c3fea548b68b81412d29f', 'name': 'Test Organizer', 'role': 'admin'}}.get</error></testcase><testcase classname="backend.tests.test_admin_features.TestAdminUsers" name="test_admin_users_is_list" time="0.000"><error message="failed on setup with &quot;AssertionError: Expected admin role, got: None&#10;assert None == 'admin'&#10; +  where None = &lt;built-in method get of dict object at 0xfba2eef35e40&gt;('role')&#10; +    where &lt;built-in method get of dict object at 0xfba2eef35e40&gt; = {'token': 'eyJhbGciOiJIUzI1NiIsInR5cCI6IkpXVCJ9.eyJzdWIiOiI2OTljM2ZlYTU0OGI2OGI4MTQxMmQyOWYiLCJleHAiOjE3NzQ0NDA3MjZ9.IXc3I95IkPeMNzq56psbEYGS9XoHjGYw41ehrlMUeJE', 'user': {'email': 'test@snapvault.uk', 'id': '699c3fea548b68b81412d29f', 'name': 'Test Organizer', 'role': 'admin'}}.get&quot;">backend/tests/test_admin_features.py:21: in admin_token
    assert data.get("role") == "admin", f"Expected admin role, got: {data.get('role')}"
E   AssertionError: Expected admin role, got: None
E   assert None == 'admin'
E    +  where None = &lt;built-in method get of dict object at 0xfba2eef35e40&gt;('role')
E    +    where &lt;built-in method get of dict object at 0xfba2eef35e40&gt; = {'token': 'eyJhbGciOiJIUzI1NiIsInR5cCI6IkpXVCJ9.eyJzdWIiOiI2OTljM2ZlYTU0OGI2OGI4MTQxMmQyOWYiLCJleHAiOjE3NzQ0NDA3MjZ9.IXc3I95IkPeMNzq56psbEYGS9XoHjGYw41ehrlMUeJE', 'user': {'email': 'test@snapvault.uk', 'id': '699c3fea548b68b81412d29f', 'name': 'Test Organizer', 'role': 'admin'}}.get</error></testcase><testcase classname="backend.tests.test_admin_features.TestAdminUsers" name="test_admin_users_has_required_fields" time="0.000"><error message="failed on setup with &quot;AssertionError: Expected admin role, got: None&#10;assert None == 'admin'&#10; +  where None = &lt;built-in method get of dict object at 0xfba2eef35e40&gt;('role')&#10; +    where &lt;built-in method get of dict object at 0xfba2eef35e40&gt; = {'token': 'eyJhbGciOiJIUzI1NiIsInR5cCI6IkpXVCJ9.eyJzdWIiOiI2OTljM2ZlYTU0OGI2OGI4MTQxMmQyOWYiLCJleHAiOjE3NzQ0NDA3MjZ9.IXc3I95IkPeMNzq56psbEYGS9XoHjGYw41ehrlMUeJE', 'user': {'email': 'test@snapvault.uk', 'id': '699c3fea548b68b81412d29f', 'name': 'Test Organizer', 'role': 'admin'}}.get&quot;">backend/tests/test_admin_features.py:21: in admin_token
    assert data.get("role") == "admin", f"Expected admin role, got: {data.get('role')}"
E   AssertionError: Expected admin role, got: None
E   assert None == 'admin'
E    +  where None = &lt;built-in method get of dict object at 0xfba2eef35e40&gt;('role')
E    +    where &lt;built-in method get of dict object at 0xfba2eef35e40&gt; = {'token': 'eyJhbGciOiJIUzI1NiIsInR5cCI6IkpXVCJ9.eyJzdWIiOiI2OTljM2ZlYTU0OGI2OGI4MTQxMmQyOWYiLCJleHAiOjE3NzQ0NDA3MjZ9.IXc3I95IkPeMNzq56psbEYGS9XoHjGYw41ehrlMUeJE', 'user': {'email': 'test@snapvault.uk', 'id': '699c3fea548b68b81412d29f', 'name': 'Test Organizer', 'role': 'admin'}}.get</error></testcase><testcase classname="backend.tests.test_admin_features.TestBulkDownload" name="test_organizer_can_download_own_event" time="0.000"><error message="failed on setup with &quot;AssertionError: Expected admin role, got: None&#10;assert None == 'admin'&#10; +  where None = &lt;built-in method get of dict object at 0xfba2eef35e40&gt;('role')&#10; +    where &lt;built-in method get of dict object at 0xfba2eef35e40&gt; = {'token': 'eyJhbGciOiJIUzI1NiIsInR5cCI6IkpXVCJ9.eyJzdWIiOiI2OTljM2ZlYTU0OGI2OGI4MTQxMmQyOWYiLCJleHAiOjE3NzQ0NDA3MjZ9.IXc3I95IkPeMNzq56psbEYGS9XoHjGYw41ehrlMUeJE', 'user': {'email': 'test@snapvault.uk', 'id': '699c3fea548b68b81412d29f', 'name': 'Test Organizer', 'role': 'admin'}}.get&quot;">backend/tests/test_admin_features.py:21: in admin_token
    assert data.get("role") == "admin", f"Expected admin role, got: {data.get('role')}"
E   AssertionError: Expected admin role, got: None
E   assert None == 'admin'
E    +  where None = &lt;built-in method get of dict object at 0xfba2eef35e40&gt;('role')
E    +    where &lt;built-in method get of dict object at 0xfba2eef35e40&gt; = {'token': 'eyJhbGciOiJIUzI1NiIsInR5cCI6IkpXVCJ9.eyJzdWIiOiI2OTljM2ZlYTU0OGI2OGI4MTQxMmQyOWYiLCJleHAiOjE3NzQ0NDA3MjZ9.IXc3I95IkPeMNzq56psbEYGS9XoHjGYw41ehrlMUeJE', 'user': {'email': 'test@snapvault.uk', 'id': '699c3fea548b68b81412d29f', 'name': 'Test Organizer', 'role': 'admin'}}.get</error></testcase><testcase classname="backend.tests.test_admin_features.TestBulkDownload" name="test_download_returns_zip_content_type" time="0.000"><error message="failed on setup with &quot;AssertionError: Expected admin role, got: None&#10;assert None == 'admin'&#10; +  where None = &lt;built-in method get of dict object at 0xfba2eef35e40&gt;('role')&#10; +    where &lt;built-in method get of dict object at 0xfba2eef35e40&gt; = {'token': 'eyJhbGciOiJIUzI1NiIsInR5cCI6IkpXVCJ9.eyJzdWIiOiI2OTljM2ZlYTU0OGI2OGI4MTQxMmQyOWYiLCJleHAiOjE3NzQ0NDA3MjZ9.IXc3I95IkPeMNzq56psbEYGS9XoHjGYw41ehrlMUeJE', 'user': {'email': 'test@snapvault.uk', 'id': '699c3fea548b68b81412d29f', 'name': 'Test Organizer', 'role': 'admin'}}.get&quot;">backend/tests/test_admin_features.py:21: in admin_token
    assert data.get("role") == "admin", f"Expected admin role, got: {data.get('role')}"
E   AssertionError: Expected admin role, got: None
E   assert None == 'admin'
E    +  where None = &lt;built-in method get of dict object at 0xfba2eef35e40&gt;('role')
E    +    where &lt;built-in method get of dict object at 0xfba2eef35e40&gt; = {'token': 'eyJhbGciOiJIUzI1NiIsInR5cCI6IkpXVCJ9.eyJzdWIiOiI2OTljM2ZlYTU0OGI2OGI4MTQxMmQyOWYiLCJleHAiOjE3NzQ0NDA3MjZ9.IXc3I95IkPeMNzq56psbEYGS9XoHjGYw41ehrlMUeJE', 'user': {'email': 'test@snapvault.uk', 'id': '699c3fea548b68b81412d29f', 'name': 'Test Organizer', 'role': 'admin'}}.get</error></testcase><testcase classname="backend.tests.test_admin_features.TestBulkDownload" name="test_non_auth_cannot_download" time="0.000"><error message="failed on setup with &quot;AssertionError: Expected admin role, got: None&#10;assert None == 'admin'&#10; +  where None = &lt;built-in method get of dict object at 0xfba2eef35e40&gt;('role')&#10; +    where &lt;built-in method get of dict object at 0xfba2eef35e40&gt; = {'token': 'eyJhbGciOiJIUzI1NiIsInR5cCI6IkpXVCJ9.eyJzdWIiOiI2OTljM2ZlYTU0OGI2OGI4MTQxMmQyOWYiLCJleHAiOjE3NzQ0NDA3MjZ9.IXc3I95IkPeMNzq56psbEYGS9XoHjGYw41ehrlMUeJE', 'user': {'email': 'test@snapvault.uk', 'id': '699c3fea548b68b81412d29f', 'name': 'Test Organizer', 'role': 'admin'}}.get&quot;">backend/tests/test_admin_features.py:21: in admin_token
    assert data.get("role") == "admin", f"Expected admin role, got: {data.get('role')}"
E   AssertionError: Expected admin role, got: None
E   assert None == 'admin'
E    +  where None = &lt;built-in method get of dict object at 0xfba2eef35e40&gt;('role')
E    +    where &lt;built-in method get of dict object at 0xfba2eef35e40&gt; = {'token': 'eyJhbGciOiJIUzI1NiIsInR5cCI6IkpXVCJ9.eyJzdWIiOiI2OTljM2ZlYTU0OGI2OGI4MTQxMmQyOWYiLCJleHAiOjE3NzQ0NDA3MjZ9.IXc3I95IkPeMNzq56psbEYGS9XoHjGYw41ehrlMUeJE', 'user': {'email': 'test@snapvault.uk', 'id': '699c3fea548b68b81412d29f', 'name': 'Test Organizer', 'role': 'admin'}}.get</error></testcase><testcase classname="backend.tests.test_admin_features.TestBulkDownload" name="test_non_owner_cannot_download_others_event" time="0.000"><error message="failed on setup with &quot;AssertionError: Expected admin role, got: None&#10;assert None == 'admin'&#10; +  where None = &lt;built-in method get of dict object at 0xfba2eef35e40&gt;('role')&#10; +    where &lt;built-in method get of dict object at 0xfba2eef35e40&gt; = {'token': 'eyJhbGciOiJIUzI1NiIsInR5cCI6IkpXVCJ9.eyJzdWIiOiI2OTljM2ZlYTU0OGI2OGI4MTQxMmQyOWYiLCJleHAiOjE3NzQ0NDA3MjZ9.IXc3I95IkPeMNzq56psbEYGS9XoHjGYw41ehrlMUeJE', 'user': {'email': 'test@snapvault.uk', 'id': '699c3fea548b68b81412d29f', 'name': 'Test Organizer', 'role': 'admin'}}.get&quot;">backend/tests/test_admin_features.py:21: in admin_token
    assert data.get("role") == "admin", f"Expected admin role, got: {data.get('role')}"
E   AssertionError: Expected admin role, got: None
E   assert None == 'admin'
E    +  where None = &lt;built-in method get of dict object at 0xfba2eef35e40&gt;('role')
E    +    where &lt;built-in method get of dict object at 0xfba2eef35e40&gt; = {'token': 'eyJhbGciOiJIUzI1NiIsInR5cCI6IkpXVCJ9.eyJzdWIiOiI2OTljM2ZlYTU0OGI2OGI4MTQxMmQyOWYiLCJleHAiOjE3NzQ0NDA3MjZ9.IXc3I95IkPeMNzq56psbEYGS9XoHjGYw41ehrlMUeJE', 'user': {'email': 'test@snapvault.uk', 'id': '699c3fea548b68b81412d29f', 'name': 'Test Organizer', 'role': 'admin'}}.get</error></testcase></testsuite></testsuites>