<?xml version="1.0" encoding="utf-8"?><testsuites name="pytest tests"><testsuite name="pytest" errors="0" failures="0" skipped="0" tests="17" time="2.920" timestamp="2026-02-23T12:12:28.442740+00:00" hostname="agent-env-d37fe847-f43e-4ece-b647-f5d9c64fdaa5"><testcase classname="backend.tests.test_admin_features.TestAdminAuth" name="test_admin_login_returns_admin_role" time="0.366" /><testcase classname="backend.tests.test_admin_features.TestAdminAuth" name="test_non_admin_cannot_access_admin_stats" time="0.427" /><testcase classname="backend.tests.test_admin_features.TestAdminAuth" name="test_unauthenticated_cannot_access_admin_stats" time="0.099" /><testcase classname="backend.tests.test_admin_features.TestAdminStats" name="test_admin_stats_returns_200" time="0.436" /><testcase classname="backend.tests.test_admin_features.TestAdminStats" name="test_admin_stats_has_required_fields" time="0.103" /><testcase classname="backend.tests.test_admin_features.TestAdminStats" name="test_admin_stats_values_are_non_negative" time="0.128" /><testcase classname="backend.tests.test_admin_features.TestAdminEvents" name="test_admin_events_returns_200" time="0.109" /><testcase classname="backend.tests.test_admin_features.TestAdminEvents" name="test_admin_events_is_list" time="0.107" /><testcase classname="backend.tests.test_admin_features.TestAdminEvents" name="test_admin_events_has_organizer_info" time="0.103" /><testcase classname="backend.tests.test_admin_features.TestAdminEvents" name="test_non_admin_cannot_list_admin_events" time="0.098" /><testcase classname="backend.tests.test_admin_features.TestAdminUsers" name="test_admin_users_returns_200" time="0.108" /><testcase classname="backend.tests.test_admin_features.TestAdminUsers" name="test_admin_users_is_list" time="0.107" /><testcase classname="backend.tests.test_admin_features.TestAdminUsers" name="test_admin_users_has_required_fields" time="0.105" /><testcase classname="backend.tests.test_admin_features.TestBulkDownload" name="test_organizer_can_download_own_event" time="0.211" /><testcase classname="backend.tests.test_admin_features.TestBulkDownload" name="test_download_returns_zip_content_type" time="0.122" /><testcase classname="backend.tests.test_admin_features.TestBulkDownload" name="test_non_auth_cannot_download" time="0.108" /><testcase classname="backend.tests.test_admin_features.TestBulkDownload" name="test_non_owner_cannot_download_others_event" time="0.114" /></testsuite></testsuites>