<?xml version="1.0" encoding="utf-8"?><testsuites name="pytest tests"><testsuite name="pytest" errors="0" failures="0" skipped="0" tests="15" time="2.877" timestamp="2026-02-23T11:55:29.553132+00:00" hostname="agent-env-d37fe847-f43e-4ece-b647-f5d9c64fdaa5"><testcase classname="backend.tests.test_snapvault.TestAuth" name="test_login_success" time="0.485" /><testcase classname="backend.tests.test_snapvault.TestAuth" name="test_login_invalid" time="0.360" /><testcase classname="backend.tests.test_snapvault.TestAuth" name="test_register_duplicate" time="0.152" /><testcase classname="backend.tests.test_snapvault.TestAuth" name="test_me" time="0.462" /><testcase classname="backend.tests.test_snapvault.TestEvents" name="test_create_wedding_event" time="0.140" /><testcase classname="backend.tests.test_snapvault.TestEvents" name="test_get_events" time="0.136" /><testcase classname="backend.tests.test_snapvault.TestEvents" name="test_get_single_event" time="0.170" /><testcase classname="backend.tests.test_snapvault.TestEvents" name="test_update_event" time="0.108" /><testcase classname="backend.tests.test_snapvault.TestEvents" name="test_guest_get_event_by_slug" time="0.107" /><testcase classname="backend.tests.test_snapvault.TestEvents" name="test_guest_upload_image" time="0.116" /><testcase classname="backend.tests.test_snapvault.TestEvents" name="test_get_event_media" time="0.119" /><testcase classname="backend.tests.test_snapvault.TestEvents" name="test_delete_media" time="0.118" /><testcase classname="backend.tests.test_snapvault.TestEvents" name="test_delete_event" time="0.104" /><testcase classname="backend.tests.test_snapvault.TestEvents" name="test_deleted_event_not_found" time="0.126" /><testcase classname="backend.tests.test_snapvault.TestEvents" name="test_invalid_slug_404" time="0.104" /></testsuite></testsuites>